*** Starting uWSGI 2.0.19.1 (64bit) on [Thu May  6 20:42:11 2021] ***
compiled with version: 7.5.0 on 06 May 2021 12:32:56
os: Linux-5.4.0-72-generic #80~18.04.1-Ubuntu SMP Mon Apr 12 23:26:25 UTC 2021
nodename: Oasis
machine: x86_64
clock source: unix
pcre jit disabled
detected number of CPU cores: 12
current working directory: /home/zyf/project/bioweb/bioweb
writing pidfile to /home/zyf/project/bioweb/bioweb/uwsgi.pid
detected binary path: /home/zyf/.virtualenvs/bioweb/bin/uwsgi
chdir() to /home/zyf/project/bioweb/bioweb
your processes number limit is 31084
your memory page size is 4096 bytes
detected max file descriptor number: 1024
lock engine: pthread robust mutexes
thunder lock: disabled (you can enable it with --thunder-lock)
uwsgi socket 0 bound to TCP address 127.0.0.1:8000 fd 3
Python version: 3.6.9 (default, Jan 26 2021, 15:33:00)  [GCC 8.4.0]
Python main interpreter initialized at 0x55fb69b743f0
python threads support enabled
your server socket listen backlog is limited to 100 connections
your mercy for graceful operations on workers is 60 seconds
mapped 145840 bytes (142 KB) for 1 cores
*** Operational MODE: single process ***
WSGI app 0 (mountpoint='') ready in 0 seconds on interpreter 0x55fb69b743f0 pid: 19798 (default app)
mountpoint  already configured. skip.
*** uWSGI is running in multiple interpreter mode ***
spawned uWSGI master process (pid: 19798)
spawned uWSGI worker 1 (pid: 19814, cores: 1)
invalid request block size: 21573 (max 4096)...skip
invalid request block size: 21573 (max 4096)...skip
invalid request block size: 21573 (max 4096)...skip
invalid request block size: 21573 (max 4096)...skip
invalid request block size: 21573 (max 4096)...skip
invalid request block size: 21573 (max 4096)...skip
invalid request block size: 21573 (max 4096)...skip
invalid request block size: 21573 (max 4096)...skip
invalid request block size: 21573 (max 4096)...skip
invalid request block size: 21573 (max 4096)...skip
invalid request block size: 21573 (max 4096)...skip
invalid request block size: 21573 (max 4096)...skip
invalid request block size: 21573 (max 4096)...skip
invalid request block size: 21573 (max 4096)...skip
invalid request block size: 21573 (max 4096)...skip
invalid request block size: 21573 (max 4096)...skip
invalid request block size: 21573 (max 4096)...skip
invalid request block size: 21573 (max 4096)...skip
invalid request block size: 21573 (max 4096)...skip
invalid request block size: 21573 (max 4096)...skip
invalid request block size: 21573 (max 4096)...skip
invalid request block size: 21573 (max 4096)...skip
invalid request block size: 21573 (max 4096)...skip
invalid request block size: 21573 (max 4096)...skip
invalid request block size: 21573 (max 4096)...skip
invalid request block size: 21573 (max 4096)...skip
invalid request block size: 21573 (max 4096)...skip
invalid request block size: 21573 (max 4096)...skip
invalid request block size: 21573 (max 4096)...skip
invalid request block size: 21573 (max 4096)...skip
invalid request block size: 21573 (max 4096)...skip
invalid request block size: 21573 (max 4096)...skip
invalid request block size: 21573 (max 4096)...skip
invalid request block size: 21573 (max 4096)...skip
invalid request block size: 21573 (max 4096)...skip
invalid request block size: 21573 (max 4096)...skip
invalid request block size: 21573 (max 4096)...skip
invalid request block size: 21573 (max 4096)...skip
invalid request block size: 21573 (max 4096)...skip
invalid request block size: 21573 (max 4096)...skip
invalid request block size: 21573 (max 4096)...skip
invalid request block size: 21573 (max 4096)...skip
invalid request block size: 21573 (max 4096)...skip
invalid request block size: 21573 (max 4096)...skip
invalid request block size: 21573 (max 4096)...skip
SIGINT/SIGQUIT received...killing workers...
worker 1 buried after 1 seconds
goodbye to uWSGI.
*** Starting uWSGI 2.0.19.1 (64bit) on [Thu May  6 20:45:46 2021] ***
compiled with version: 7.5.0 on 06 May 2021 12:32:56
os: Linux-5.4.0-72-generic #80~18.04.1-Ubuntu SMP Mon Apr 12 23:26:25 UTC 2021
nodename: Oasis
machine: x86_64
clock source: unix
pcre jit disabled
detected number of CPU cores: 12
current working directory: /home/zyf/project/bioweb/bioweb
writing pidfile to /home/zyf/project/bioweb/bioweb/uwsgi.pid
detected binary path: /home/zyf/.virtualenvs/bioweb/bin/uwsgi
chdir() to /home/zyf/project/bioweb/bioweb
your processes number limit is 31084
your memory page size is 4096 bytes
detected max file descriptor number: 1024
lock engine: pthread robust mutexes
thunder lock: disabled (you can enable it with --thunder-lock)
uwsgi socket 0 bound to TCP address 127.0.0.1:8000 fd 3
Python version: 3.6.9 (default, Jan 26 2021, 15:33:00)  [GCC 8.4.0]
Python main interpreter initialized at 0x55cac3b953f0
python threads support enabled
your server socket listen backlog is limited to 100 connections
your mercy for graceful operations on workers is 60 seconds
mapped 145840 bytes (142 KB) for 1 cores
*** Operational MODE: single process ***
WSGI app 0 (mountpoint='') ready in 0 seconds on interpreter 0x55cac3b953f0 pid: 20852 (default app)
mountpoint  already configured. skip.
*** uWSGI is running in multiple interpreter mode ***
spawned uWSGI master process (pid: 20852)
spawned uWSGI worker 1 (pid: 20868, cores: 1)
invalid request block size: 21573 (max 4096)...skip
invalid request block size: 21573 (max 4096)...skip
invalid request block size: 21573 (max 4096)...skip
invalid request block size: 21573 (max 4096)...skip
invalid request block size: 21573 (max 4096)...skip
invalid request block size: 21573 (max 4096)...skip
invalid request block size: 21573 (max 4096)...skip
invalid request block size: 21573 (max 4096)...skip
invalid request block size: 21573 (max 4096)...skip
invalid request block size: 21573 (max 4096)...skip
invalid request block size: 21573 (max 4096)...skip
invalid request block size: 21573 (max 4096)...skip
invalid request block size: 21573 (max 4096)...skip
invalid request block size: 21573 (max 4096)...skip
invalid request block size: 21573 (max 4096)...skip
invalid request block size: 21573 (max 4096)...skip
invalid request block size: 21573 (max 4096)...skip
invalid request block size: 21573 (max 4096)...skip
invalid request block size: 21573 (max 4096)...skip
invalid request block size: 21573 (max 4096)...skip
invalid request block size: 21573 (max 4096)...skip
SIGINT/SIGQUIT received...killing workers...
worker 1 buried after 1 seconds
goodbye to uWSGI.
*** Starting uWSGI 2.0.19.1 (64bit) on [Thu May  6 21:14:05 2021] ***
compiled with version: 7.5.0 on 06 May 2021 12:32:56
os: Linux-5.4.0-72-generic #80~18.04.1-Ubuntu SMP Mon Apr 12 23:26:25 UTC 2021
nodename: Oasis
machine: x86_64
clock source: unix
pcre jit disabled
detected number of CPU cores: 12
current working directory: /home/zyf/project/bioweb/bioweb
writing pidfile to /home/zyf/project/bioweb/bioweb/uwsgi.pid
detected binary path: /home/zyf/.virtualenvs/bioweb/bin/uwsgi
chdir() to /home/zyf/project/bioweb/bioweb
your processes number limit is 31084
your memory page size is 4096 bytes
detected max file descriptor number: 1024
lock engine: pthread robust mutexes
thunder lock: disabled (you can enable it with --thunder-lock)
uwsgi socket 0 bound to TCP address 127.0.0.1:8000 fd 3
Python version: 3.6.9 (default, Jan 26 2021, 15:33:00)  [GCC 8.4.0]
Python main interpreter initialized at 0x559b3a4763f0
python threads support enabled
your server socket listen backlog is limited to 100 connections
your mercy for graceful operations on workers is 60 seconds
mapped 145840 bytes (142 KB) for 1 cores
*** Operational MODE: single process ***
WSGI app 0 (mountpoint='') ready in 0 seconds on interpreter 0x559b3a4763f0 pid: 24914 (default app)
mountpoint  already configured. skip.
*** uWSGI is running in multiple interpreter mode ***
spawned uWSGI master process (pid: 24914)
spawned uWSGI worker 1 (pid: 24931, cores: 1)
